<?xml version="1.0" encoding="UTF-8"?>
<!-- Generated by org.testng.reporters.JUnitXMLReporter -->
<testsuite hostname="DELL-PC" name="Create a package using IBM Digital Contracts Demo v. 1 workflow  borrowe with Guarantor and relationship manager:: 01" tests="1" failures="0" timestamp="27 Aug 2018 11:50:35 GMT" time="191.919" errors="0">
  <testcase name="esign_createpackage_borrowerGuarantorRelashioshipmanager" time="166.363" classname="com.index.GeneralIndex"/>
</testsuite> <!-- Create a package using IBM Digital Contracts Demo v. 1 workflow  borrowe with Guarantor and relationship manager:: 01 -->
